<?xml version="1.0" encoding="UTF-8"?>
<!-- Generated by org.testng.reporters.JUnitReportReporter -->
<testsuite name="exemple.NewTest" tests="1" time="4.705" ignored="0" failures="0" timestamp="18 oct. 2020 19:56:04 GMT" skipped="0" hostname="DESKTOP-28RSBAP" errors="0">
  <testcase name="testEasy" time="4.705" classname="exemple.NewTest"/>
</testsuite> <!-- exemple.NewTest -->
